The Netlify deploy errored, with the following guidance provided:

**Diagnosis:**
The build failure is due to TypeScript errors in the configuration file `tsconfig.json`.

**Solution:**
1. In `tsconfig.json`:
   - Update the `--moduleResolution` option to be one of the valid values: 'node', 'classic', 'node16', 'nodenext'.
   - Remove the 'allowImportingTsExtensions' compiler option as it is unknown.
   - Make sure to specify the 'node' module resolution strategy when using the '--resolveJsonModule' option.

2. Make the necessary changes in the `tsconfig.json` file to address the TypeScript errors mentioned in the build logs.

**Note:** Before making changes, ensure the required TypeScript compiler options are used correctly based on the TypeScript version being used.

The relevant error logs are:

Line 0: Waiting for other deploys from your team to complete. Check the queue: https://app.netlify.com/teams/cubpuyi/builds
Line 1: Build ready to start
Line 2: build-image version: 5868f12b6a471c2a851a30e8ba1fb45822457287 (noble)
Line 3: buildbot version: 76bec402a7c9574a91cb1119e87c006e176e8932
Line 4: Fetching cached dependencies
Line 5: Failed to fetch cache, continuing with build
Line 6: Starting to prepare the repo for build
Line 7: No cached dependencies found. Cloning fresh repo
Line 8: git clone --filter=blob:none https://github.com/Alot1z/game-builder
Line 9: Preparing Git Reference refs/heads/main
Line 10: Starting to install dependencies
Line 11: v22.17.1 is already installed.
Line 12: Now using node v22.17.1 (npm v10.9.2)
Line 13: Enabling Node.js Corepack
Line 14: Started restoring cached build plugins
Line 15: Finished restoring cached build plugins
Line 53: [36m[1mâ€‹[22m[39m
Line 54: [36m[1mâ¯ Loading extensions[22m[39m
Line 55:    - neon
Line 56: [96m[1mâ€‹[22m[39m
Line 57: [96m[1mBuild command from Netlify app                                [22m[39m
Line 58: [96m[1mâ”€â”€â”€â”€â”€â”€â”€â”€â”€â”€â”€â”€â”€â”€â”€â”€â”€â”€â”€â”€â”€â”€â”€â”€â”€â”€â”€â”€â”€â”€â”€â”€â”€â”€â”€â”€â”€â”€â”€â”€â”€â”€â”€â”€â”€â”€â”€â”€â”€â”€â”€â”€â”€â”€â”€â”€â”€â”€â”€â”€â”€â”€â”€â”€[22m[39m
Line 59: â€‹
Line 60: [36m$ npm run build[39m
Line 61: > game-builder@1.0.0 build
Line 62: > tsc && vite build
Line 63: tsconfig.json(8,25): error TS6046: Argument for '--moduleResolution' option must be: 'node', 'classic', 'node16', 'nodenext'.
Line 64: tsconfig.json(9,5): error TS5023: Unknown compiler option 'allowImportingTsExtensions'.
Line 65: tsconfig.json(10,5): error TS5070: Option '--resolveJsonModule' cannot be specified without 'node' module resolution strategy.
Line 66: Failed during stage 'building site': Build script returned non-zero exit code: 2
Line 67: [91m[1mâ€‹[22m[39m
Line 68: [91m[1m"build.command" failed                                        [22m[39m
Line 69: [91m[1mâ”€â”€â”€â”€â”€â”€â”€â”€â”€â”€â”€â”€â”€â”€â”€â”€â”€â”€â”€â”€â”€â”€â”€â”€â”€â”€â”€â”€â”€â”€â”€â”€â”€â”€â”€â”€â”€â”€â”€â”€â”€â”€â”€â”€â”€â”€â”€â”€â”€â”€â”€â”€â”€â”€â”€â”€â”€â”€â”€â”€â”€â”€â”€â”€[22m[39m
Line 70: â€‹
Line 71:   [31m[1mError message[22m[39m
Line 72:   Command failed with exit code 2: npm run build
Line 73: â€‹
Line 74:   [31m[1mError location[22m[39m
Line 75:   In Build command from Netlify app:
Line 76:   npm run build
Line 77: â€‹
Line 78:   [31m[1mResolved config[22m[39m
Line 79:   build:
Line 80:     command: npm run build
Line 81:     commandOrigin: ui
Line 82:     publish: /opt/build/repo/dist
Line 83:     publishOrigin: ui
Line 84: Build failed due to a user error: Build script returned non-zero exit code: 2
Line 85: Failing build: Failed to build site
Line 86: Finished processing build request in 35.194s

12:11:18 AM: Waiting for other deploys from your team to complete. Check the queue: https://app.netlify.com/teams/cubpuyi/builds
12:13:38 AM: Build ready to start
12:13:39 AM: build-image version: 5868f12b6a471c2a851a30e8ba1fb45822457287 (noble)
12:13:39 AM: buildbot version: 76bec402a7c9574a91cb1119e87c006e176e8932
12:13:39 AM: Fetching cached dependencies
12:13:39 AM: Failed to fetch cache, continuing with build
12:13:39 AM: Starting to prepare the repo for build
12:13:40 AM: No cached dependencies found. Cloning fresh repo
12:13:40 AM: git clone --filter=blob:none https://github.com/Alot1z/game-builder
12:13:40 AM: Preparing Git Reference refs/heads/main
12:13:42 AM: Starting to install dependencies
12:13:43 AM: v22.17.1 is already installed.
12:13:43 AM: Now using node v22.17.1 (npm v10.9.2)
12:13:43 AM: Enabling Node.js Corepack
12:13:43 AM: Started restoring cached build plugins
12:13:43 AM: Finished restoring cached build plugins
12:13:43 AM: Started restoring cached corepack dependencies
12:13:43 AM: Finished restoring cached corepack dependencies
12:13:43 AM: No npm workspaces detected
12:13:43 AM: Started restoring cached node modules
12:13:43 AM: Finished restoring cached node modules
12:13:43 AM: Installing npm packages using npm version 10.9.2
12:13:50 AM: added 166 packages in 7s
12:13:50 AM: npm packages installed
12:13:51 AM: Successfully installed dependencies
12:13:51 AM: Starting build script
12:13:51 AM: Detected 1 framework(s)
12:13:51 AM: "vite" at version "4.5.14"
12:13:51 AM: Section completed: initializing
12:13:53 AM: â€‹
12:13:53 AM: Netlify Build                                                 
12:13:53 AM: â”€â”€â”€â”€â”€â”€â”€â”€â”€â”€â”€â”€â”€â”€â”€â”€â”€â”€â”€â”€â”€â”€â”€â”€â”€â”€â”€â”€â”€â”€â”€â”€â”€â”€â”€â”€â”€â”€â”€â”€â”€â”€â”€â”€â”€â”€â”€â”€â”€â”€â”€â”€â”€â”€â”€â”€â”€â”€â”€â”€â”€â”€â”€â”€
12:13:53 AM: â€‹
12:13:53 AM: â¯ Version
12:13:53 AM:   @netlify/build 34.3.0
12:13:53 AM: â€‹
12:13:53 AM: â¯ Flags
12:13:53 AM:   accountId: 627e5bff8a2ec70c878169b5
12:13:53 AM:   baseRelDir: true
12:13:53 AM:   buildId: 68894706a64d5e000887b0e3
12:13:53 AM:   deployId: 68894706a64d5e000887b0e5
12:13:53 AM: â€‹
12:13:53 AM: â¯ Current directory
12:13:53 AM:   /opt/build/repo
12:13:53 AM: â€‹
12:13:53 AM: â¯ Config file
12:13:53 AM:   No config file was defined: using default values.
12:13:53 AM: â€‹
12:13:53 AM: â¯ Context
12:13:53 AM:   production
12:13:53 AM: â€‹
12:13:53 AM: â¯ Installing extensions
12:13:53 AM:    - neon
12:14:12 AM: â€‹
12:14:12 AM: â¯ Loading extensions
12:14:12 AM:    - neon
12:14:13 AM: â€‹
12:14:13 AM: Build command from Netlify app                                
12:14:13 AM: â”€â”€â”€â”€â”€â”€â”€â”€â”€â”€â”€â”€â”€â”€â”€â”€â”€â”€â”€â”€â”€â”€â”€â”€â”€â”€â”€â”€â”€â”€â”€â”€â”€â”€â”€â”€â”€â”€â”€â”€â”€â”€â”€â”€â”€â”€â”€â”€â”€â”€â”€â”€â”€â”€â”€â”€â”€â”€â”€â”€â”€â”€â”€â”€
12:14:13 AM: â€‹
12:14:13 AM: $ npm run build
12:14:13 AM: > game-builder@1.0.0 build
12:14:13 AM: > tsc && vite build
12:14:13 AM: tsconfig.json(8,25): error TS6046: Argument for '--moduleResolution' option must be: 'node', 'classic', 'node16', 'nodenext'.
12:14:13 AM: tsconfig.json(9,5): error TS5023: Unknown compiler option 'allowImportingTsExtensions'.
12:14:13 AM: tsconfig.json(10,5): error TS5070: Option '--resolveJsonModule' cannot be specified without 'node' module resolution strategy.
12:14:14 AM: Failed during stage 'building site': Build script returned non-zero exit code: 2 (https://ntl.fyi/exit-code-2)
12:14:14 AM: â€‹
12:14:14 AM: "build.command" failed                                        
12:14:14 AM: â”€â”€â”€â”€â”€â”€â”€â”€â”€â”€â”€â”€â”€â”€â”€â”€â”€â”€â”€â”€â”€â”€â”€â”€â”€â”€â”€â”€â”€â”€â”€â”€â”€â”€â”€â”€â”€â”€â”€â”€â”€â”€â”€â”€â”€â”€â”€â”€â”€â”€â”€â”€â”€â”€â”€â”€â”€â”€â”€â”€â”€â”€â”€â”€
12:14:14 AM: â€‹
12:14:14 AM:   Error message
12:14:14 AM:   Command failed with exit code 2: npm run build (https://ntl.fyi/exit-code-2)
12:14:14 AM: â€‹
12:14:14 AM:   Error location
12:14:14 AM:   In Build command from Netlify app:
12:14:14 AM:   npm run build
12:14:14 AM: â€‹
12:14:14 AM:   Resolved config
12:14:14 AM:   build:
12:14:14 AM:     command: npm run build
12:14:14 AM:     commandOrigin: ui
12:14:14 AM:     publish: /opt/build/repo/dist
12:14:14 AM:     publishOrigin: ui
12:14:14 AM: Build failed due to a user error: Build script returned non-zero exit code: 2
12:14:14 AM: Failing build: Failed to build site
12:14:15 AM: Finished processing build request in 35.194s